INFO:root:Running dining philosophers simulation: 10 philosophers, 200 meals each, 100 repetitions
INFO:root:1. Footman solution, time elapsed:
INFO:root:	Time: 57.567s
INFO:root:	Time: 61.897s
INFO:root:	Time: 67.827s
INFO:root:	Time: 60.534s
INFO:root:	Time: 65.065s
INFO:root:	Time: 61.699s
INFO:root:	Time: 58.333s
INFO:root:	Time: 66.801s
INFO:root:	Time: 57.486s
INFO:root:	Time: 67.243s
INFO:root:	Time: 67.718s
INFO:root:	Time: 59.925s
INFO:root:	Time: 61.721s
INFO:root:	Time: 62.031s
INFO:root:	Time: 67.449s
INFO:root:	Time: 70.437s
INFO:root:	Time: 60.379s
INFO:root:	Time: 56.819s
INFO:root:	Time: 64.829s
INFO:root:	Time: 60.227s
INFO:root:	Time: 58.090s
INFO:root:	Time: 61.963s
INFO:root:	Time: 60.910s
INFO:root:	Time: 65.353s
INFO:root:	Time: 64.026s
INFO:root:	Time: 71.070s
INFO:root:	Time: 64.322s
INFO:root:	Time: 64.172s
INFO:root:	Time: 63.446s
INFO:root:	Time: 64.611s
INFO:root:	Time: 58.022s
INFO:root:	Time: 67.559s
INFO:root:	Time: 65.484s
INFO:root:	Time: 62.891s
INFO:root:	Time: 60.305s
INFO:root:	Time: 61.646s
INFO:root:	Time: 73.719s
INFO:root:	Time: 67.635s
INFO:root:	Time: 61.085s
INFO:root:	Time: 61.416s
INFO:root:	Time: 61.627s
INFO:root:	Time: 62.066s
INFO:root:	Time: 55.901s
INFO:root:	Time: 58.208s
INFO:root:	Time: 62.297s
INFO:root:	Time: 63.236s
INFO:root:	Time: 55.095s
INFO:root:	Time: 60.954s
INFO:root:	Time: 58.144s
INFO:root:	Time: 66.354s
INFO:root:	Time: 59.355s
INFO:root:	Time: 78.002s
INFO:root:	Time: 59.579s
INFO:root:	Time: 57.799s
INFO:root:	Time: 65.667s
INFO:root:	Time: 57.863s
INFO:root:	Time: 57.159s
INFO:root:	Time: 61.570s
INFO:root:	Time: 72.624s
INFO:root:	Time: 62.856s
INFO:root:	Time: 67.682s
INFO:root:	Time: 69.086s
INFO:root:	Time: 67.416s
INFO:root:	Time: 54.249s
INFO:root:	Time: 64.613s
INFO:root:	Time: 66.197s
INFO:root:	Time: 67.177s
INFO:root:	Time: 61.911s
INFO:root:	Time: 60.869s
INFO:root:	Time: 62.568s
INFO:root:	Time: 63.030s
INFO:root:	Time: 60.273s
INFO:root:	Time: 61.567s
INFO:root:	Time: 69.928s
INFO:root:	Time: 62.538s
INFO:root:	Time: 61.886s
INFO:root:	Time: 70.667s
INFO:root:	Time: 54.806s
INFO:root:	Time: 62.870s
INFO:root:	Time: 60.270s
INFO:root:	Time: 63.736s
INFO:root:	Time: 70.050s
INFO:root:	Time: 67.236s
INFO:root:	Time: 56.978s
INFO:root:	Time: 64.150s
INFO:root:	Time: 69.372s
INFO:root:	Time: 61.428s
INFO:root:	Time: 70.526s
INFO:root:	Time: 57.341s
INFO:root:	Time: 68.804s
INFO:root:	Time: 74.043s
INFO:root:	Time: 67.581s
INFO:root:	Time: 63.771s
INFO:root:	Time: 66.934s
INFO:root:	Time: 57.567s
INFO:root:	Time: 62.807s
INFO:root:	Time: 67.135s
INFO:root:	Time: 59.856s
INFO:root:	Time: 59.984s
INFO:root:	Time: 61.199s
INFO:root:1. Footman solution, average time:	 63.302s
INFO:root:2. Left-handed solution, time elapsed:
INFO:root:	Time: 46.397s
INFO:root:	Time: 46.422s
INFO:root:	Time: 46.273s
INFO:root:	Time: 46.758s
INFO:root:	Time: 47.802s
INFO:root:	Time: 47.251s
INFO:root:	Time: 49.277s
INFO:root:	Time: 48.808s
INFO:root:	Time: 48.409s
INFO:root:	Time: 46.980s
INFO:root:	Time: 47.834s
INFO:root:	Time: 47.749s
INFO:root:	Time: 44.162s
INFO:root:	Time: 48.236s
INFO:root:	Time: 47.516s
INFO:root:	Time: 46.387s
INFO:root:	Time: 44.822s
INFO:root:	Time: 45.980s
INFO:root:	Time: 49.762s
INFO:root:	Time: 47.682s
INFO:root:	Time: 47.713s
INFO:root:	Time: 47.927s
INFO:root:	Time: 46.597s
INFO:root:	Time: 46.430s
INFO:root:	Time: 46.517s
INFO:root:	Time: 48.796s
INFO:root:	Time: 46.239s
INFO:root:	Time: 46.652s
INFO:root:	Time: 48.230s
INFO:root:	Time: 47.038s
INFO:root:	Time: 43.977s
INFO:root:	Time: 47.319s
INFO:root:	Time: 47.966s
INFO:root:	Time: 46.802s
INFO:root:	Time: 47.843s
INFO:root:	Time: 45.524s
INFO:root:	Time: 48.634s
INFO:root:	Time: 48.068s
INFO:root:	Time: 47.737s
INFO:root:	Time: 47.046s
INFO:root:	Time: 46.993s
INFO:root:	Time: 46.617s
INFO:root:	Time: 45.854s
INFO:root:	Time: 45.786s
INFO:root:	Time: 47.277s
INFO:root:	Time: 46.756s
INFO:root:	Time: 45.136s
INFO:root:	Time: 48.762s
INFO:root:	Time: 46.958s
INFO:root:	Time: 47.171s
INFO:root:	Time: 45.850s
INFO:root:	Time: 47.420s
INFO:root:	Time: 47.003s
INFO:root:	Time: 47.471s
INFO:root:	Time: 46.355s
INFO:root:	Time: 46.246s
INFO:root:	Time: 47.325s
INFO:root:	Time: 45.824s
INFO:root:	Time: 48.784s
INFO:root:	Time: 47.575s
INFO:root:	Time: 47.635s
INFO:root:	Time: 45.398s
INFO:root:	Time: 47.793s
INFO:root:	Time: 45.387s
INFO:root:	Time: 46.371s
INFO:root:	Time: 48.706s
INFO:root:	Time: 45.790s
INFO:root:	Time: 46.415s
INFO:root:	Time: 46.805s
INFO:root:	Time: 47.498s
INFO:root:	Time: 46.529s
INFO:root:	Time: 48.070s
INFO:root:	Time: 46.946s
INFO:root:	Time: 46.206s
INFO:root:	Time: 47.206s
INFO:root:	Time: 46.955s
INFO:root:	Time: 46.791s
INFO:root:	Time: 45.917s
INFO:root:	Time: 47.549s
INFO:root:	Time: 46.873s
INFO:root:	Time: 49.044s
INFO:root:	Time: 46.981s
INFO:root:	Time: 49.310s
INFO:root:	Time: 45.412s
INFO:root:	Time: 46.059s
INFO:root:	Time: 46.856s
INFO:root:	Time: 45.538s
INFO:root:	Time: 47.609s
INFO:root:	Time: 44.950s
INFO:root:	Time: 48.115s
INFO:root:	Time: 46.894s
INFO:root:	Time: 46.392s
INFO:root:	Time: 46.768s
INFO:root:	Time: 48.627s
INFO:root:	Time: 47.517s
INFO:root:	Time: 47.505s
INFO:root:	Time: 47.671s
INFO:root:	Time: 48.129s
INFO:root:	Time: 45.669s
INFO:root:	Time: 45.651s
INFO:root:2. Left-handed solution, average time:	 47.023s
INFO:root:3. Tanenbaum's solution, time elapsed:
INFO:root:	Time: 34.743s
INFO:root:	Time: 36.094s
INFO:root:	Time: 36.032s
INFO:root:	Time: 34.638s
INFO:root:	Time: 34.295s
INFO:root:	Time: 34.911s
INFO:root:	Time: 34.973s
INFO:root:	Time: 35.452s
INFO:root:	Time: 35.399s
INFO:root:	Time: 36.859s
INFO:root:	Time: 35.333s
INFO:root:	Time: 35.410s
INFO:root:	Time: 35.192s
INFO:root:	Time: 35.805s
INFO:root:	Time: 35.894s
INFO:root:	Time: 34.139s
INFO:root:	Time: 34.634s
INFO:root:	Time: 35.584s
INFO:root:	Time: 34.858s
INFO:root:	Time: 34.579s
INFO:root:	Time: 34.522s
INFO:root:	Time: 35.761s
INFO:root:	Time: 35.129s
INFO:root:	Time: 35.988s
INFO:root:	Time: 34.796s
INFO:root:	Time: 35.132s
INFO:root:	Time: 34.865s
INFO:root:	Time: 35.784s
INFO:root:	Time: 35.483s
INFO:root:	Time: 35.267s
INFO:root:	Time: 34.773s
INFO:root:	Time: 35.432s
INFO:root:	Time: 35.599s
INFO:root:	Time: 34.683s
INFO:root:	Time: 35.540s
INFO:root:	Time: 34.035s
INFO:root:	Time: 35.701s
INFO:root:	Time: 36.302s
INFO:root:	Time: 35.431s
INFO:root:	Time: 34.951s
INFO:root:	Time: 35.149s
INFO:root:	Time: 34.021s
INFO:root:	Time: 34.739s
INFO:root:	Time: 35.374s
INFO:root:	Time: 34.618s
INFO:root:	Time: 34.942s
INFO:root:	Time: 34.547s
INFO:root:	Time: 35.743s
INFO:root:	Time: 34.557s
INFO:root:	Time: 35.644s
INFO:root:	Time: 36.556s
INFO:root:	Time: 36.132s
INFO:root:	Time: 35.184s
INFO:root:	Time: 34.940s
INFO:root:	Time: 35.055s
INFO:root:	Time: 35.056s
INFO:root:	Time: 35.544s
INFO:root:	Time: 34.968s
INFO:root:	Time: 36.010s
INFO:root:	Time: 34.376s
INFO:root:	Time: 35.555s
INFO:root:	Time: 35.957s
INFO:root:	Time: 34.760s
INFO:root:	Time: 34.436s
INFO:root:	Time: 34.730s
INFO:root:	Time: 35.694s
INFO:root:	Time: 35.076s
INFO:root:	Time: 34.497s
INFO:root:	Time: 35.154s
INFO:root:	Time: 35.468s
INFO:root:	Time: 35.357s
INFO:root:	Time: 35.424s
INFO:root:	Time: 34.999s
INFO:root:	Time: 35.441s
INFO:root:	Time: 35.204s
INFO:root:	Time: 34.645s
INFO:root:	Time: 37.233s
INFO:root:	Time: 36.396s
INFO:root:	Time: 35.672s
INFO:root:	Time: 35.230s
INFO:root:	Time: 35.772s
INFO:root:	Time: 36.019s
INFO:root:	Time: 34.755s
INFO:root:	Time: 34.441s
INFO:root:	Time: 35.520s
INFO:root:	Time: 35.118s
INFO:root:	Time: 36.928s
INFO:root:	Time: 35.181s
INFO:root:	Time: 35.658s
INFO:root:	Time: 35.006s
INFO:root:	Time: 35.330s
INFO:root:	Time: 35.616s
INFO:root:	Time: 33.912s
INFO:root:	Time: 35.755s
INFO:root:	Time: 34.647s
INFO:root:	Time: 35.725s
INFO:root:	Time: 36.645s
INFO:root:	Time: 36.373s
INFO:root:	Time: 35.810s
INFO:root:	Time: 35.187s
INFO:root:3. Tanenbaum's solution, average time:		35.295s
INFO:root:Complete!
INFO:root:1. Footman solution, average time:	 	63.302s
INFO:root:2. Left-handed solution, average time:	47.023s
INFO:root:3. Tanenbaum's solution, average time:	35.295s
